[2025-03-06 03:37:08] production.ERROR: error shorten url Undefined index: userid  
[2025-03-06 04:08:48] production.ERROR: cURL error 6: Could not resolve host: rwazen.odoo.com (see https://curl.haxx.se/libcurl/c/libcurl-errors.html) for https://rwazen.odoo.com/web/dataset/call_kw {"exception":"[object] (Illuminate\\Http\\Client\\ConnectionException(code: 0): cURL error 6: Could not resolve host: rwazen.odoo.com (see https://curl.haxx.se/libcurl/c/libcurl-errors.html) for https://rwazen.odoo.com/web/dataset/call_kw at /home/php/vendor/illuminate/http/Client/PendingRequest.php:568)
[stacktrace]
#0 /home/php/vendor/illuminate/support/helpers.php(404): Illuminate\\Http\\Client\\PendingRequest->Illuminate\\Http\\Client\\{closure}()
#1 /home/php/vendor/illuminate/http/Client/PendingRequest.php(570): retry()
#2 /home/php/vendor/illuminate/http/Client/PendingRequest.php(474): Illuminate\\Http\\Client\\PendingRequest->send()
#3 /home/php/app/Custom/Odoo.php(150): Illuminate\\Http\\Client\\PendingRequest->post()
#4 /home/php/app/Console/Commands/Odoo/AddUserCommand.php(63): App\\Custom\\Odoo->create()
#5 /home/php/vendor/illuminate/container/BoundMethod.php(36): App\\Console\\Commands\\Odoo\\AddUserCommand->handle()
#6 /home/php/vendor/illuminate/container/Util.php(37): Illuminate\\Container\\BoundMethod::Illuminate\\Container\\{closure}()
#7 /home/php/vendor/illuminate/container/BoundMethod.php(93): Illuminate\\Container\\Util::unwrapIfClosure()
#8 /home/php/vendor/illuminate/container/BoundMethod.php(37): Illuminate\\Container\\BoundMethod::callBoundMethod()
#9 /home/php/vendor/illuminate/container/Container.php(596): Illuminate\\Container\\BoundMethod::call()
#10 /home/php/vendor/illuminate/console/Command.php(134): Illuminate\\Container\\Container->call()
#11 /home/php/vendor/symfony/console/Command/Command.php(298): Illuminate\\Console\\Command->execute()
#12 /home/php/vendor/illuminate/console/Command.php(121): Symfony\\Component\\Console\\Command\\Command->run()
#13 /home/php/vendor/symfony/console/Application.php(1040): Illuminate\\Console\\Command->run()
#14 /home/php/vendor/symfony/console/Application.php(301): Symfony\\Component\\Console\\Application->doRunCommand()
#15 /home/php/vendor/symfony/console/Application.php(171): Symfony\\Component\\Console\\Application->doRun()
#16 /home/php/vendor/illuminate/console/Application.php(93): Symfony\\Component\\Console\\Application->run()
#17 /home/php/vendor/laravel/lumen-framework/src/Console/Kernel.php(116): Illuminate\\Console\\Application->run()
#18 /home/php/artisan(35): Laravel\\Lumen\\Console\\Kernel->handle()
#19 {main}

[previous exception] [object] (GuzzleHttp\\Exception\\ConnectException(code: 0): cURL error 6: Could not resolve host: rwazen.odoo.com (see https://curl.haxx.se/libcurl/c/libcurl-errors.html) for https://rwazen.odoo.com/web/dataset/call_kw at /home/php/vendor/guzzlehttp/guzzle/src/Handler/CurlFactory.php:275)
[stacktrace]
#0 /home/php/vendor/guzzlehttp/guzzle/src/Handler/CurlFactory.php(205): GuzzleHttp\\Handler\\CurlFactory::createRejection()
#1 /home/php/vendor/guzzlehttp/guzzle/src/Handler/CurlFactory.php(157): GuzzleHttp\\Handler\\CurlFactory::finishError()
#2 /home/php/vendor/guzzlehttp/guzzle/src/Handler/CurlHandler.php(47): GuzzleHttp\\Handler\\CurlFactory::finish()
#3 /home/php/vendor/guzzlehttp/guzzle/src/Handler/Proxy.php(28): GuzzleHttp\\Handler\\CurlHandler->__invoke()
#4 /home/php/vendor/guzzlehttp/guzzle/src/Handler/Proxy.php(48): GuzzleHttp\\Handler\\Proxy::GuzzleHttp\\Handler\\{closure}()
#5 newrelic/Guzzle6(1): GuzzleHttp\\Handler\\Proxy::GuzzleHttp\\Handler\\{closure}()
#6 /home/php/vendor/illuminate/http/Client/PendingRequest.php(697): newrelic\\Guzzle6\\{closure}()
#7 /home/php/vendor/illuminate/http/Client/PendingRequest.php(667): Illuminate\\Http\\Client\\PendingRequest->Illuminate\\Http\\Client\\{closure}()
#8 /home/php/vendor/illuminate/http/Client/PendingRequest.php(653): Illuminate\\Http\\Client\\PendingRequest->Illuminate\\Http\\Client\\{closure}()
#9 /home/php/vendor/guzzlehttp/guzzle/src/PrepareBodyMiddleware.php(64): Illuminate\\Http\\Client\\PendingRequest->Illuminate\\Http\\Client\\{closure}()
#10 /home/php/vendor/guzzlehttp/guzzle/src/Middleware.php(38): GuzzleHttp\\PrepareBodyMiddleware->__invoke()
#11 /home/php/vendor/guzzlehttp/guzzle/src/RedirectMiddleware.php(71): GuzzleHttp\\Middleware::GuzzleHttp\\{closure}()
#12 /home/php/vendor/guzzlehttp/guzzle/src/Middleware.php(63): GuzzleHttp\\RedirectMiddleware->__invoke()
#13 /home/php/vendor/guzzlehttp/guzzle/src/HandlerStack.php(75): GuzzleHttp\\Middleware::GuzzleHttp\\{closure}()
#14 /home/php/vendor/guzzlehttp/guzzle/src/Client.php(333): GuzzleHttp\\HandlerStack->__invoke()
#15 /home/php/vendor/guzzlehttp/guzzle/src/Client.php(169): GuzzleHttp\\Client->transfer()
#16 /home/php/vendor/guzzlehttp/guzzle/src/Client.php(189): GuzzleHttp\\Client->requestAsync()
#17 /home/php/vendor/illuminate/http/Client/PendingRequest.php(555): GuzzleHttp\\Client->request()
#18 /home/php/vendor/illuminate/support/helpers.php(404): Illuminate\\Http\\Client\\PendingRequest->Illuminate\\Http\\Client\\{closure}()
#19 /home/php/vendor/illuminate/http/Client/PendingRequest.php(570): retry()
#20 /home/php/vendor/illuminate/http/Client/PendingRequest.php(474): Illuminate\\Http\\Client\\PendingRequest->send()
#21 /home/php/app/Custom/Odoo.php(150): Illuminate\\Http\\Client\\PendingRequest->post()
#22 /home/php/app/Console/Commands/Odoo/AddUserCommand.php(63): App\\Custom\\Odoo->create()
#23 /home/php/vendor/illuminate/container/BoundMethod.php(36): App\\Console\\Commands\\Odoo\\AddUserCommand->handle()
#24 /home/php/vendor/illuminate/container/Util.php(37): Illuminate\\Container\\BoundMethod::Illuminate\\Container\\{closure}()
#25 /home/php/vendor/illuminate/container/BoundMethod.php(93): Illuminate\\Container\\Util::unwrapIfClosure()
#26 /home/php/vendor/illuminate/container/BoundMethod.php(37): Illuminate\\Container\\BoundMethod::callBoundMethod()
#27 /home/php/vendor/illuminate/container/Container.php(596): Illuminate\\Container\\BoundMethod::call()
#28 /home/php/vendor/illuminate/console/Command.php(134): Illuminate\\Container\\Container->call()
#29 /home/php/vendor/symfony/console/Command/Command.php(298): Illuminate\\Console\\Command->execute()
#30 /home/php/vendor/illuminate/console/Command.php(121): Symfony\\Component\\Console\\Command\\Command->run()
#31 /home/php/vendor/symfony/console/Application.php(1040): Illuminate\\Console\\Command->run()
#32 /home/php/vendor/symfony/console/Application.php(301): Symfony\\Component\\Console\\Application->doRunCommand()
#33 /home/php/vendor/symfony/console/Application.php(171): Symfony\\Component\\Console\\Application->doRun()
#34 /home/php/vendor/illuminate/console/Application.php(93): Symfony\\Component\\Console\\Application->run()
#35 /home/php/vendor/laravel/lumen-framework/src/Console/Kernel.php(116): Illuminate\\Console\\Application->run()
#36 /home/php/artisan(35): Laravel\\Lumen\\Console\\Kernel->handle()
#37 {main}
"} 
[2025-03-06 04:10:48] production.ERROR: Undefined index: userid {"exception":"[object] (ErrorException(code: 0): Undefined index: userid at /home/php/app/Events/CreateShortenerAccountEvent.php:60)
[stacktrace]
#0 /home/php/app/Events/CreateShortenerAccountEvent.php(60): Laravel\\Lumen\\Application->Laravel\\Lumen\\Concerns\\{closure}()
#1 /home/php/app/Events/CreateShortenerAccountEvent.php(17): App\\Events\\CreateShortenerAccountEvent->createUser()
#2 /home/php/app/Console/Commands/CreateShortenerAccountCommand.php(48): App\\Events\\CreateShortenerAccountEvent->__construct()
#3 /home/php/vendor/illuminate/database/Concerns/BuildsQueries.php(39): App\\Console\\Commands\\CreateShortenerAccountCommand->App\\Console\\Commands\\{closure}()
#4 /home/php/app/Console/Commands/CreateShortenerAccountCommand.php(53): Illuminate\\Database\\Eloquent\\Builder->chunk()
#5 /home/php/vendor/illuminate/container/BoundMethod.php(36): App\\Console\\Commands\\CreateShortenerAccountCommand->handle()
#6 /home/php/vendor/illuminate/container/Util.php(37): Illuminate\\Container\\BoundMethod::Illuminate\\Container\\{closure}()
#7 /home/php/vendor/illuminate/container/BoundMethod.php(93): Illuminate\\Container\\Util::unwrapIfClosure()
#8 /home/php/vendor/illuminate/container/BoundMethod.php(37): Illuminate\\Container\\BoundMethod::callBoundMethod()
#9 /home/php/vendor/illuminate/container/Container.php(596): Illuminate\\Container\\BoundMethod::call()
#10 /home/php/vendor/illuminate/console/Command.php(134): Illuminate\\Container\\Container->call()
#11 /home/php/vendor/symfony/console/Command/Command.php(298): Illuminate\\Console\\Command->execute()
#12 /home/php/vendor/illuminate/console/Command.php(121): Symfony\\Component\\Console\\Command\\Command->run()
#13 /home/php/vendor/symfony/console/Application.php(1040): Illuminate\\Console\\Command->run()
#14 /home/php/vendor/symfony/console/Application.php(301): Symfony\\Component\\Console\\Application->doRunCommand()
#15 /home/php/vendor/symfony/console/Application.php(171): Symfony\\Component\\Console\\Application->doRun()
#16 /home/php/vendor/illuminate/console/Application.php(93): Symfony\\Component\\Console\\Application->run()
#17 /home/php/vendor/laravel/lumen-framework/src/Console/Kernel.php(116): Illuminate\\Console\\Application->run()
#18 /home/php/artisan(35): Laravel\\Lumen\\Console\\Kernel->handle()
#19 {main}
"} 
[2025-03-06 07:56:22] production.ERROR: You must have the blacklist enabled to invalidate a token. {"exception":"[object] (Tymon\\JWTAuth\\Exceptions\\JWTException(code: 0): You must have the blacklist enabled to invalidate a token. at /home/php/vendor/tymon/jwt-auth/src/Manager.php:154)
[stacktrace]
#0 /home/php/vendor/tymon/jwt-auth/src/JWT.php(121): Tymon\\JWTAuth\\Manager->invalidate()
#1 /home/php/vendor/tymon/jwt-auth/src/JWTGuard.php(157): Tymon\\JWTAuth\\JWT->invalidate()
#2 /home/php/app/Http/Controllers/Api/V1/Account/AccountProfileController.php(1099): Tymon\\JWTAuth\\JWTGuard->logout()
#3 /home/php/vendor/illuminate/container/BoundMethod.php(36): App\\Http\\Controllers\\Api\\V1\\Account\\AccountProfileController->logout()
#4 /home/php/vendor/illuminate/container/Util.php(37): Illuminate\\Container\\BoundMethod::Illuminate\\Container\\{closure}()
#5 /home/php/vendor/illuminate/container/BoundMethod.php(93): Illuminate\\Container\\Util::unwrapIfClosure()
#6 /home/php/vendor/illuminate/container/BoundMethod.php(37): Illuminate\\Container\\BoundMethod::callBoundMethod()
#7 /home/php/vendor/illuminate/container/Container.php(596): Illuminate\\Container\\BoundMethod::call()
#8 /home/php/vendor/laravel/lumen-framework/src/Concerns/RoutesRequests.php(386): Illuminate\\Container\\Container->call()
#9 /home/php/vendor/laravel/lumen-framework/src/Concerns/RoutesRequests.php(352): Laravel\\Lumen\\Application->callControllerCallable()
#10 /home/php/vendor/laravel/lumen-framework/src/Concerns/RoutesRequests.php(326): Laravel\\Lumen\\Application->callLumenController()
#11 /home/php/vendor/laravel/lumen-framework/src/Concerns/RoutesRequests.php(279): Laravel\\Lumen\\Application->callControllerAction()
#12 /home/php/vendor/laravel/lumen-framework/src/Concerns/RoutesRequests.php(259): Laravel\\Lumen\\Application->callActionOnArrayBasedRoute()
#13 [internal function]: Laravel\\Lumen\\Application->Laravel\\Lumen\\Concerns\\{closure}()
#14 /home/php/vendor/laravel/lumen-framework/src/Routing/Pipeline.php(48): call_user_func()
#15 /home/php/app/Http/Middleware/DevicesMiddleware.php(30): Laravel\\Lumen\\Routing\\Pipeline->Laravel\\Lumen\\Routing\\{closure}()
#16 /home/php/vendor/illuminate/pipeline/Pipeline.php(167): App\\Http\\Middleware\\DevicesMiddleware->handle()
#17 [internal function]: Illuminate\\Pipeline\\Pipeline->Illuminate\\Pipeline\\{closure}()
#18 /home/php/vendor/laravel/lumen-framework/src/Routing/Pipeline.php(30): call_user_func()
#19 /home/php/app/Http/Middleware/OtpMiddleware.php(173): Laravel\\Lumen\\Routing\\Pipeline->Laravel\\Lumen\\Routing\\{closure}()
#20 /home/php/app/Http/Middleware/OtpMiddleware.php(90): App\\Http\\Middleware\\OtpMiddleware->checkDevice()
#21 /home/php/vendor/illuminate/pipeline/Pipeline.php(167): App\\Http\\Middleware\\OtpMiddleware->handle()
#22 [internal function]: Illuminate\\Pipeline\\Pipeline->Illuminate\\Pipeline\\{closure}()
#23 /home/php/vendor/laravel/lumen-framework/src/Routing/Pipeline.php(30): call_user_func()
#24 /home/php/app/Http/Middleware/Authenticate.php(42): Laravel\\Lumen\\Routing\\Pipeline->Laravel\\Lumen\\Routing\\{closure}()
#25 /home/php/vendor/illuminate/pipeline/Pipeline.php(167): App\\Http\\Middleware\\Authenticate->handle()
#26 [internal function]: Illuminate\\Pipeline\\Pipeline->Illuminate\\Pipeline\\{closure}()
#27 /home/php/vendor/laravel/lumen-framework/src/Routing/Pipeline.php(30): call_user_func()
#28 /home/php/app/Http/Middleware/LanguageMiddleware.php(34): Laravel\\Lumen\\Routing\\Pipeline->Laravel\\Lumen\\Routing\\{closure}()
#29 /home/php/vendor/illuminate/pipeline/Pipeline.php(167): App\\Http\\Middleware\\LanguageMiddleware->handle()
#30 [internal function]: Illuminate\\Pipeline\\Pipeline->Illuminate\\Pipeline\\{closure}()
#31 /home/php/vendor/laravel/lumen-framework/src/Routing/Pipeline.php(30): call_user_func()
#32 /home/php/app/Http/Middleware/CoreMiddleware.php(100): Laravel\\Lumen\\Routing\\Pipeline->Laravel\\Lumen\\Routing\\{closure}()
#33 /home/php/vendor/illuminate/pipeline/Pipeline.php(167): App\\Http\\Middleware\\CoreMiddleware->handle()
#34 [internal function]: Illuminate\\Pipeline\\Pipeline->Illuminate\\Pipeline\\{closure}()
#35 /home/php/vendor/laravel/lumen-framework/src/Routing/Pipeline.php(30): call_user_func()
#36 /home/php/vendor/illuminate/pipeline/Pipeline.php(103): Laravel\\Lumen\\Routing\\Pipeline->Laravel\\Lumen\\Routing\\{closure}()
#37 /home/php/vendor/laravel/lumen-framework/src/Concerns/RoutesRequests.php(423): Illuminate\\Pipeline\\Pipeline->then()
#38 /home/php/vendor/laravel/lumen-framework/src/Concerns/RoutesRequests.php(260): Laravel\\Lumen\\Application->sendThroughPipeline()
#39 /home/php/vendor/laravel/lumen-framework/src/Concerns/RoutesRequests.php(166): Laravel\\Lumen\\Application->handleFoundRoute()
#40 /home/php/vendor/laravel/lumen-framework/src/Concerns/RoutesRequests.php(426): Laravel\\Lumen\\Application->Laravel\\Lumen\\Concerns\\{closure}()
#41 /home/php/vendor/laravel/lumen-framework/src/Concerns/RoutesRequests.php(172): Laravel\\Lumen\\Application->sendThroughPipeline()
#42 /home/php/vendor/laravel/lumen-framework/src/Concerns/RoutesRequests.php(109): Laravel\\Lumen\\Application->dispatch()
#43 /home/php/public/index.php(27): Laravel\\Lumen\\Application->run()
#44 {main}
"} 
[2025-03-06 23:03:26] production.ERROR: A two digit day could not be found
Data missing {"exception":"[object] (Carbon\\Exceptions\\InvalidFormatException(code: 0): A two digit day could not be found
Data missing at /home/php/vendor/nesbot/carbon/src/Carbon/Traits/Creator.php:690)
[stacktrace]
#0 /home/php/vendor/nesbot/carbon/src/Carbon/Traits/Creator.php(713): Carbon\\Carbon::rawCreateFromFormat()
#1 /home/php/app/Http/Controllers/Api/V1/Admin/AccountMangmentController.php(54): Carbon\\Carbon::createFromFormat()
#2 /home/php/vendor/illuminate/container/BoundMethod.php(36): App\\Http\\Controllers\\Api\\V1\\Admin\\AccountMangmentController->index()
#3 /home/php/vendor/illuminate/container/Util.php(37): Illuminate\\Container\\BoundMethod::Illuminate\\Container\\{closure}()
#4 /home/php/vendor/illuminate/container/BoundMethod.php(93): Illuminate\\Container\\Util::unwrapIfClosure()
#5 /home/php/vendor/illuminate/container/BoundMethod.php(37): Illuminate\\Container\\BoundMethod::callBoundMethod()
#6 /home/php/vendor/illuminate/container/Container.php(596): Illuminate\\Container\\BoundMethod::call()
#7 /home/php/vendor/laravel/lumen-framework/src/Concerns/RoutesRequests.php(386): Illuminate\\Container\\Container->call()
#8 /home/php/vendor/laravel/lumen-framework/src/Concerns/RoutesRequests.php(352): Laravel\\Lumen\\Application->callControllerCallable()
#9 /home/php/vendor/laravel/lumen-framework/src/Concerns/RoutesRequests.php(326): Laravel\\Lumen\\Application->callLumenController()
#10 /home/php/vendor/laravel/lumen-framework/src/Concerns/RoutesRequests.php(279): Laravel\\Lumen\\Application->callControllerAction()
#11 /home/php/vendor/laravel/lumen-framework/src/Concerns/RoutesRequests.php(259): Laravel\\Lumen\\Application->callActionOnArrayBasedRoute()
#12 [internal function]: Laravel\\Lumen\\Application->Laravel\\Lumen\\Concerns\\{closure}()
#13 /home/php/vendor/laravel/lumen-framework/src/Routing/Pipeline.php(48): call_user_func()
#14 /home/php/app/Http/Middleware/PermissionMiddleware.php(19): Laravel\\Lumen\\Routing\\Pipeline->Laravel\\Lumen\\Routing\\{closure}()
#15 /home/php/vendor/illuminate/pipeline/Pipeline.php(167): App\\Http\\Middleware\\PermissionMiddleware->handle()
#16 [internal function]: Illuminate\\Pipeline\\Pipeline->Illuminate\\Pipeline\\{closure}()
#17 /home/php/vendor/laravel/lumen-framework/src/Routing/Pipeline.php(30): call_user_func()
#18 /home/php/app/Http/Middleware/AdminOtpMiddleware.php(39): Laravel\\Lumen\\Routing\\Pipeline->Laravel\\Lumen\\Routing\\{closure}()
#19 /home/php/vendor/illuminate/pipeline/Pipeline.php(167): App\\Http\\Middleware\\AdminOtpMiddleware->handle()
#20 [internal function]: Illuminate\\Pipeline\\Pipeline->Illuminate\\Pipeline\\{closure}()
#21 /home/php/vendor/laravel/lumen-framework/src/Routing/Pipeline.php(30): call_user_func()
#22 /home/php/app/Http/Middleware/Authenticate.php(42): Laravel\\Lumen\\Routing\\Pipeline->Laravel\\Lumen\\Routing\\{closure}()
#23 /home/php/vendor/illuminate/pipeline/Pipeline.php(167): App\\Http\\Middleware\\Authenticate->handle()
#24 [internal function]: Illuminate\\Pipeline\\Pipeline->Illuminate\\Pipeline\\{closure}()
#25 /home/php/vendor/laravel/lumen-framework/src/Routing/Pipeline.php(30): call_user_func()
#26 /home/php/app/Http/Middleware/FixRequestLanguagesMiddleware.php(36): Laravel\\Lumen\\Routing\\Pipeline->Laravel\\Lumen\\Routing\\{closure}()
#27 /home/php/vendor/illuminate/pipeline/Pipeline.php(167): App\\Http\\Middleware\\FixRequestLanguagesMiddleware->handle()
#28 [internal function]: Illuminate\\Pipeline\\Pipeline->Illuminate\\Pipeline\\{closure}()
#29 /home/php/vendor/laravel/lumen-framework/src/Routing/Pipeline.php(30): call_user_func()
#30 /home/php/app/Http/Middleware/LanguageMiddleware.php(34): Laravel\\Lumen\\Routing\\Pipeline->Laravel\\Lumen\\Routing\\{closure}()
#31 /home/php/vendor/illuminate/pipeline/Pipeline.php(167): App\\Http\\Middleware\\LanguageMiddleware->handle()
#32 [internal function]: Illuminate\\Pipeline\\Pipeline->Illuminate\\Pipeline\\{closure}()
#33 /home/php/vendor/laravel/lumen-framework/src/Routing/Pipeline.php(30): call_user_func()
#34 /home/php/app/Http/Middleware/CoreMiddleware.php(100): Laravel\\Lumen\\Routing\\Pipeline->Laravel\\Lumen\\Routing\\{closure}()
#35 /home/php/vendor/illuminate/pipeline/Pipeline.php(167): App\\Http\\Middleware\\CoreMiddleware->handle()
#36 [internal function]: Illuminate\\Pipeline\\Pipeline->Illuminate\\Pipeline\\{closure}()
#37 /home/php/vendor/laravel/lumen-framework/src/Routing/Pipeline.php(30): call_user_func()
#38 /home/php/vendor/illuminate/pipeline/Pipeline.php(103): Laravel\\Lumen\\Routing\\Pipeline->Laravel\\Lumen\\Routing\\{closure}()
#39 /home/php/vendor/laravel/lumen-framework/src/Concerns/RoutesRequests.php(423): Illuminate\\Pipeline\\Pipeline->then()
#40 /home/php/vendor/laravel/lumen-framework/src/Concerns/RoutesRequests.php(260): Laravel\\Lumen\\Application->sendThroughPipeline()
#41 /home/php/vendor/laravel/lumen-framework/src/Concerns/RoutesRequests.php(166): Laravel\\Lumen\\Application->handleFoundRoute()
#42 /home/php/vendor/laravel/lumen-framework/src/Concerns/RoutesRequests.php(426): Laravel\\Lumen\\Application->Laravel\\Lumen\\Concerns\\{closure}()
#43 /home/php/vendor/laravel/lumen-framework/src/Concerns/RoutesRequests.php(172): Laravel\\Lumen\\Application->sendThroughPipeline()
#44 /home/php/vendor/laravel/lumen-framework/src/Concerns/RoutesRequests.php(109): Laravel\\Lumen\\Application->dispatch()
#45 /home/php/public/index.php(27): Laravel\\Lumen\\Application->run()
#46 {main}
"} 
