[2025-03-04 01:41:18] production.ERROR: cURL error 6: Could not resolve host: rwazen.odoo.com (see https://curl.haxx.se/libcurl/c/libcurl-errors.html) for https://rwazen.odoo.com/web/dataset/call_kw {"exception":"[object] (Illuminate\\Http\\Client\\ConnectionException(code: 0): cURL error 6: Could not resolve host: rwazen.odoo.com (see https://curl.haxx.se/libcurl/c/libcurl-errors.html) for https://rwazen.odoo.com/web/dataset/call_kw at /home/php/vendor/illuminate/http/Client/PendingRequest.php:568)
[stacktrace]
#0 /home/php/vendor/illuminate/support/helpers.php(404): Illuminate\\Http\\Client\\PendingRequest->Illuminate\\Http\\Client\\{closure}()
#1 /home/php/vendor/illuminate/http/Client/PendingRequest.php(570): retry()
#2 /home/php/vendor/illuminate/http/Client/PendingRequest.php(474): Illuminate\\Http\\Client\\PendingRequest->send()
#3 /home/php/app/Custom/Odoo.php(178): Illuminate\\Http\\Client\\PendingRequest->post()
#4 /home/php/app/Console/Commands/Odoo/UpdateUserCommand.php(62): App\\Custom\\Odoo->update()
#5 /home/php/vendor/illuminate/container/BoundMethod.php(36): App\\Console\\Commands\\Odoo\\UpdateUserCommand->handle()
#6 /home/php/vendor/illuminate/container/Util.php(37): Illuminate\\Container\\BoundMethod::Illuminate\\Container\\{closure}()
#7 /home/php/vendor/illuminate/container/BoundMethod.php(93): Illuminate\\Container\\Util::unwrapIfClosure()
#8 /home/php/vendor/illuminate/container/BoundMethod.php(37): Illuminate\\Container\\BoundMethod::callBoundMethod()
#9 /home/php/vendor/illuminate/container/Container.php(596): Illuminate\\Container\\BoundMethod::call()
#10 /home/php/vendor/illuminate/console/Command.php(134): Illuminate\\Container\\Container->call()
#11 /home/php/vendor/symfony/console/Command/Command.php(298): Illuminate\\Console\\Command->execute()
#12 /home/php/vendor/illuminate/console/Command.php(121): Symfony\\Component\\Console\\Command\\Command->run()
#13 /home/php/vendor/symfony/console/Application.php(1040): Illuminate\\Console\\Command->run()
#14 /home/php/vendor/symfony/console/Application.php(301): Symfony\\Component\\Console\\Application->doRunCommand()
#15 /home/php/vendor/symfony/console/Application.php(171): Symfony\\Component\\Console\\Application->doRun()
#16 /home/php/vendor/illuminate/console/Application.php(93): Symfony\\Component\\Console\\Application->run()
#17 /home/php/vendor/laravel/lumen-framework/src/Console/Kernel.php(116): Illuminate\\Console\\Application->run()
#18 /home/php/artisan(35): Laravel\\Lumen\\Console\\Kernel->handle()
#19 {main}

[previous exception] [object] (GuzzleHttp\\Exception\\ConnectException(code: 0): cURL error 6: Could not resolve host: rwazen.odoo.com (see https://curl.haxx.se/libcurl/c/libcurl-errors.html) for https://rwazen.odoo.com/web/dataset/call_kw at /home/php/vendor/guzzlehttp/guzzle/src/Handler/CurlFactory.php:275)
[stacktrace]
#0 /home/php/vendor/guzzlehttp/guzzle/src/Handler/CurlFactory.php(205): GuzzleHttp\\Handler\\CurlFactory::createRejection()
#1 /home/php/vendor/guzzlehttp/guzzle/src/Handler/CurlFactory.php(157): GuzzleHttp\\Handler\\CurlFactory::finishError()
#2 /home/php/vendor/guzzlehttp/guzzle/src/Handler/CurlHandler.php(47): GuzzleHttp\\Handler\\CurlFactory::finish()
#3 /home/php/vendor/guzzlehttp/guzzle/src/Handler/Proxy.php(28): GuzzleHttp\\Handler\\CurlHandler->__invoke()
#4 /home/php/vendor/guzzlehttp/guzzle/src/Handler/Proxy.php(48): GuzzleHttp\\Handler\\Proxy::GuzzleHttp\\Handler\\{closure}()
#5 newrelic/Guzzle6(1): GuzzleHttp\\Handler\\Proxy::GuzzleHttp\\Handler\\{closure}()
#6 /home/php/vendor/illuminate/http/Client/PendingRequest.php(697): newrelic\\Guzzle6\\{closure}()
#7 /home/php/vendor/illuminate/http/Client/PendingRequest.php(667): Illuminate\\Http\\Client\\PendingRequest->Illuminate\\Http\\Client\\{closure}()
#8 /home/php/vendor/illuminate/http/Client/PendingRequest.php(653): Illuminate\\Http\\Client\\PendingRequest->Illuminate\\Http\\Client\\{closure}()
#9 /home/php/vendor/guzzlehttp/guzzle/src/PrepareBodyMiddleware.php(64): Illuminate\\Http\\Client\\PendingRequest->Illuminate\\Http\\Client\\{closure}()
#10 /home/php/vendor/guzzlehttp/guzzle/src/Middleware.php(38): GuzzleHttp\\PrepareBodyMiddleware->__invoke()
#11 /home/php/vendor/guzzlehttp/guzzle/src/RedirectMiddleware.php(71): GuzzleHttp\\Middleware::GuzzleHttp\\{closure}()
#12 /home/php/vendor/guzzlehttp/guzzle/src/Middleware.php(63): GuzzleHttp\\RedirectMiddleware->__invoke()
#13 /home/php/vendor/guzzlehttp/guzzle/src/HandlerStack.php(75): GuzzleHttp\\Middleware::GuzzleHttp\\{closure}()
#14 /home/php/vendor/guzzlehttp/guzzle/src/Client.php(333): GuzzleHttp\\HandlerStack->__invoke()
#15 /home/php/vendor/guzzlehttp/guzzle/src/Client.php(169): GuzzleHttp\\Client->transfer()
#16 /home/php/vendor/guzzlehttp/guzzle/src/Client.php(189): GuzzleHttp\\Client->requestAsync()
#17 /home/php/vendor/illuminate/http/Client/PendingRequest.php(555): GuzzleHttp\\Client->request()
#18 /home/php/vendor/illuminate/support/helpers.php(404): Illuminate\\Http\\Client\\PendingRequest->Illuminate\\Http\\Client\\{closure}()
#19 /home/php/vendor/illuminate/http/Client/PendingRequest.php(570): retry()
#20 /home/php/vendor/illuminate/http/Client/PendingRequest.php(474): Illuminate\\Http\\Client\\PendingRequest->send()
#21 /home/php/app/Custom/Odoo.php(178): Illuminate\\Http\\Client\\PendingRequest->post()
#22 /home/php/app/Console/Commands/Odoo/UpdateUserCommand.php(62): App\\Custom\\Odoo->update()
#23 /home/php/vendor/illuminate/container/BoundMethod.php(36): App\\Console\\Commands\\Odoo\\UpdateUserCommand->handle()
#24 /home/php/vendor/illuminate/container/Util.php(37): Illuminate\\Container\\BoundMethod::Illuminate\\Container\\{closure}()
#25 /home/php/vendor/illuminate/container/BoundMethod.php(93): Illuminate\\Container\\Util::unwrapIfClosure()
#26 /home/php/vendor/illuminate/container/BoundMethod.php(37): Illuminate\\Container\\BoundMethod::callBoundMethod()
#27 /home/php/vendor/illuminate/container/Container.php(596): Illuminate\\Container\\BoundMethod::call()
#28 /home/php/vendor/illuminate/console/Command.php(134): Illuminate\\Container\\Container->call()
#29 /home/php/vendor/symfony/console/Command/Command.php(298): Illuminate\\Console\\Command->execute()
#30 /home/php/vendor/illuminate/console/Command.php(121): Symfony\\Component\\Console\\Command\\Command->run()
#31 /home/php/vendor/symfony/console/Application.php(1040): Illuminate\\Console\\Command->run()
#32 /home/php/vendor/symfony/console/Application.php(301): Symfony\\Component\\Console\\Application->doRunCommand()
#33 /home/php/vendor/symfony/console/Application.php(171): Symfony\\Component\\Console\\Application->doRun()
#34 /home/php/vendor/illuminate/console/Application.php(93): Symfony\\Component\\Console\\Application->run()
#35 /home/php/vendor/laravel/lumen-framework/src/Console/Kernel.php(116): Illuminate\\Console\\Application->run()
#36 /home/php/artisan(35): Laravel\\Lumen\\Console\\Kernel->handle()
#37 {main}
"} 
[2025-03-04 04:17:42] production.ERROR: Undefined index: userid {"exception":"[object] (ErrorException(code: 0): Undefined index: userid at /home/php/app/Events/CreateShortenerAccountEvent.php:60)
[stacktrace]
#0 /home/php/app/Events/CreateShortenerAccountEvent.php(60): Laravel\\Lumen\\Application->Laravel\\Lumen\\Concerns\\{closure}()
#1 /home/php/app/Events/CreateShortenerAccountEvent.php(17): App\\Events\\CreateShortenerAccountEvent->createUser()
#2 /home/php/app/Console/Commands/CreateShortenerAccountCommand.php(48): App\\Events\\CreateShortenerAccountEvent->__construct()
#3 /home/php/vendor/illuminate/database/Concerns/BuildsQueries.php(39): App\\Console\\Commands\\CreateShortenerAccountCommand->App\\Console\\Commands\\{closure}()
#4 /home/php/app/Console/Commands/CreateShortenerAccountCommand.php(53): Illuminate\\Database\\Eloquent\\Builder->chunk()
#5 /home/php/vendor/illuminate/container/BoundMethod.php(36): App\\Console\\Commands\\CreateShortenerAccountCommand->handle()
#6 /home/php/vendor/illuminate/container/Util.php(37): Illuminate\\Container\\BoundMethod::Illuminate\\Container\\{closure}()
#7 /home/php/vendor/illuminate/container/BoundMethod.php(93): Illuminate\\Container\\Util::unwrapIfClosure()
#8 /home/php/vendor/illuminate/container/BoundMethod.php(37): Illuminate\\Container\\BoundMethod::callBoundMethod()
#9 /home/php/vendor/illuminate/container/Container.php(596): Illuminate\\Container\\BoundMethod::call()
#10 /home/php/vendor/illuminate/console/Command.php(134): Illuminate\\Container\\Container->call()
#11 /home/php/vendor/symfony/console/Command/Command.php(298): Illuminate\\Console\\Command->execute()
#12 /home/php/vendor/illuminate/console/Command.php(121): Symfony\\Component\\Console\\Command\\Command->run()
#13 /home/php/vendor/symfony/console/Application.php(1040): Illuminate\\Console\\Command->run()
#14 /home/php/vendor/symfony/console/Application.php(301): Symfony\\Component\\Console\\Application->doRunCommand()
#15 /home/php/vendor/symfony/console/Application.php(171): Symfony\\Component\\Console\\Application->doRun()
#16 /home/php/vendor/illuminate/console/Application.php(93): Symfony\\Component\\Console\\Application->run()
#17 /home/php/vendor/laravel/lumen-framework/src/Console/Kernel.php(116): Illuminate\\Console\\Application->run()
#18 /home/php/artisan(35): Laravel\\Lumen\\Console\\Kernel->handle()
#19 {main}
"} 
[2025-03-04 06:46:12] production.ERROR: 999992:cURL error 28: Connection timed out after 10001 milliseconds (see https://curl.haxx.se/libcurl/c/libcurl-errors.html) for https://api.telegram.org/bot1844696149:AAF7By21XndWT-53BPYGX40xE6XvLkJHeP8/sendMessage  
[2025-03-04 06:46:32] production.ERROR: 999992:cURL error 28: Connection timed out after 10000 milliseconds (see https://curl.haxx.se/libcurl/c/libcurl-errors.html) for https://api.telegram.org/bot1844696149:AAF7By21XndWT-53BPYGX40xE6XvLkJHeP8/sendMessage  
[2025-03-04 06:46:42] production.ERROR: 999992:cURL error 28: Connection timed out after 10001 milliseconds (see https://curl.haxx.se/libcurl/c/libcurl-errors.html) for https://api.telegram.org/bot1844696149:AAF7By21XndWT-53BPYGX40xE6XvLkJHeP8/sendMessage  
[2025-03-04 06:47:02] production.ERROR: 999992:cURL error 28: Connection timed out after 10001 milliseconds (see https://curl.haxx.se/libcurl/c/libcurl-errors.html) for https://api.telegram.org/bot1844696149:AAF7By21XndWT-53BPYGX40xE6XvLkJHeP8/sendMessage  
[2025-03-04 16:43:20] production.ERROR: 999992:cURL error 28: Connection timed out after 10001 milliseconds (see https://curl.haxx.se/libcurl/c/libcurl-errors.html) for https://api.telegram.org/bot1844696149:AAF7By21XndWT-53BPYGX40xE6XvLkJHeP8/sendMessage  
[2025-03-04 16:43:40] production.ERROR: 999992:cURL error 28: Connection timed out after 10001 milliseconds (see https://curl.haxx.se/libcurl/c/libcurl-errors.html) for https://api.telegram.org/bot1844696149:AAF7By21XndWT-53BPYGX40xE6XvLkJHeP8/sendMessage  
[2025-03-04 16:43:50] production.ERROR: 999992:cURL error 28: Connection timed out after 10001 milliseconds (see https://curl.haxx.se/libcurl/c/libcurl-errors.html) for https://api.telegram.org/bot1844696149:AAF7By21XndWT-53BPYGX40xE6XvLkJHeP8/sendMessage  
[2025-03-04 20:44:43] production.ERROR: Property [entities] does not exist on this collection instance.  
